* using log directory 'C:/Users/jcur002/Dropbox/Code/git/relSim/relSim.Rcheck'
* using R version 3.4.3 (2017-11-30)
* using platform: x86_64-w64-mingw32 (64-bit)
* using session charset: ISO8859-1
* using option '--as-cran'
* checking for file 'relSim/DESCRIPTION' ... OK
* checking extension type ... Package
* this is package 'relSim' version '0.2-7'
* checking CRAN incoming feasibility ... Note_to_CRAN_maintainers
Maintainer: 'James M. Curran <j.curran@auckland.ac.nz>'
* checking package namespace information ... OK
* checking package dependencies ... OK
* checking if this is a source package ... OK
* checking if there is a namespace ... OK
* checking for executable files ... OK
* checking for hidden files and directories ... OK
* checking for portable file names ... OK
* checking whether package 'relSim' can be installed ... OK
* checking installed package size ... OK
* checking package directory ... OK
* checking DESCRIPTION meta-information ... OK
* checking top-level files ... NOTE
Files 'README.md' or 'NEWS.md' cannot be checked without 'pandoc' being installed.
Non-standard file/directory found at top level:
  'pkgs.csv'
* checking for left-over files ... OK
* checking index information ... OK
* checking package subdirectories ... OK
* checking R files for non-ASCII characters ... OK
* checking R files for syntax errors ... OK
* loading checks for arch 'i386'
** checking whether the package can be loaded ... OK
** checking whether the package can be loaded with stated dependencies ... OK
** checking whether the package can be unloaded cleanly ... OK
** checking whether the namespace can be loaded with stated dependencies ... OK
** checking whether the namespace can be unloaded cleanly ... OK
** checking loading without being on the library search path ... OK
** checking use of S3 registration ... OK
* loading checks for arch 'x64'
** checking whether the package can be loaded ... OK
** checking whether the package can be loaded with stated dependencies ... OK
** checking whether the package can be unloaded cleanly ... OK
** checking whether the namespace can be loaded with stated dependencies ... OK
** checking whether the namespace can be unloaded cleanly ... OK
** checking loading without being on the library search path ... OK
** checking use of S3 registration ... OK
* checking dependencies in R code ... OK
* checking S3 generic/method consistency ... OK
* checking replacement functions ... OK
* checking foreign function calls ... OK
* checking R code for possible problems ... NOTE
blockSim: no visible global function definition for 'setTxtProgressBar'
breedFst: no visible global function definition for 'setTxtProgressBar'
estimateQuantile: no visible global function definition for 'quantile'
estimateQuantile: no visible global function definition for
  'setTxtProgressBar'
plot.npmresult: no visible global function definition for 'barplot'
plot.npmresult: no visible global function definition for 'box'
randomChild: no visible global function definition for 'runif'
randomSample: no visible global function definition for 'runif'
readProfiles: no visible global function definition for 'read.table'
readProfiles: no visible binding for global variable 'delim'
readProfiles: no visible global function definition for 'Stop'
readProfiles: no visible global function definition for
  'complete.cases'
sim: no visible global function definition for 'setTxtProgressBar'
testIS: no visible binding for global variable 'est'
testIS: no visible binding for global variable 'USCaucs'
writeCSV: no visible global function definition for 'write.csv'
xtable.npmresult: no visible global function definition for
  'xtable.data.frame'
xtable.npmresult: no visible global function definition for 'xtable'
Undefined global functions or variables:
  Stop USCaucs barplot box complete.cases delim est quantile read.table
  runif setTxtProgressBar write.csv xtable xtable.data.frame
Consider adding
  importFrom("graphics", "barplot", "box")
  importFrom("stats", "complete.cases", "quantile", "runif")
  importFrom("utils", "read.table", "setTxtProgressBar", "write.csv")
to your NAMESPACE file.
* checking Rd files ... NOTE
prepare_Rd: readProfiles.Rd:42-44: Dropping empty section \examples
* checking Rd metadata ... OK
* checking Rd line widths ... OK
* checking Rd cross-references ... OK
* checking for missing documentation entries ... WARNING
Undocumented code objects:
  'IS'
All user-level objects in a package should have documentation entries.
See chapter 'Writing R documentation files' in the 'Writing R
Extensions' manual.
* checking for code/documentation mismatches ... OK
* checking Rd \usage sections ... OK
* checking Rd contents ... OK
* checking for unstated dependencies in examples ... OK
* checking contents of 'data' directory ... OK
* checking data for non-ASCII characters ... OK
* checking data for ASCII and uncompressed saves ... OK
* checking line endings in C/C++/Fortran sources/headers ... OK
* checking compiled code ... NOTE
File 'relSim/libs/x64/relSim.dll':
  Found no calls to: 'R_registerRoutines', 'R_useDynamicSymbols'

It is good practice to register native routines and to disable symbol
search.

See 'Writing portable packages' in the 'Writing R Extensions' manual.
* checking examples ...
** running examples for arch 'i386' ... OK
** running examples for arch 'x64' ... OK
* checking PDF version of manual ...