* installing *source* package 'relSim' ...
** libs

*** arch - i386
c:/Rtools/mingw_32/bin/g++  -std=gnu++11 -I"C:/PROGRA~1/R/R-34~1.3/include" -DNDEBUG  -I"C:/Users/jcur002/Documents/R/win-library/3.4/Rcpp/include"        -O2 -Wall  -mtune=generic -c RcppExports.cpp -o RcppExports.o
c:/Rtools/mingw_32/bin/g++  -std=gnu++11 -I"C:/PROGRA~1/R/R-34~1.3/include" -DNDEBUG  -I"C:/Users/jcur002/Documents/R/win-library/3.4/Rcpp/include"        -O2 -Wall  -mtune=generic -c breed.cpp -o breed.o
c:/Rtools/mingw_32/bin/g++  -std=gnu++11 -I"C:/PROGRA~1/R/R-34~1.3/include" -DNDEBUG  -I"C:/Users/jcur002/Documents/R/win-library/3.4/Rcpp/include"        -O2 -Wall  -mtune=generic -c calcFst.cpp -o calcFst.o
c:/Rtools/mingw_32/bin/g++  -std=gnu++11 -I"C:/PROGRA~1/R/R-34~1.3/include" -DNDEBUG  -I"C:/Users/jcur002/Documents/R/win-library/3.4/Rcpp/include"        -O2 -Wall  -mtune=generic -c importance.cpp -o importance.o
c:/Rtools/mingw_32/bin/g++  -std=gnu++11 -I"C:/PROGRA~1/R/R-34~1.3/include" -DNDEBUG  -I"C:/Users/jcur002/Documents/R/win-library/3.4/Rcpp/include"        -O2 -Wall  -mtune=generic -c relSim.cpp -o relSim.o
c:/Rtools/mingw_32/bin/g++ -shared -s -static-libgcc -o relSim.dll tmp.def RcppExports.o breed.o calcFst.o importance.o relSim.o -LC:/PROGRA~1/R/R-34~1.3/bin/i386 -lR
installing to C:/Users/jcur002/Dropbox/Code/git/relSim/relSim.Rcheck/relSim/libs/i386

*** arch - x64
c:/Rtools/mingw_64/bin/g++  -std=gnu++11 -I"C:/PROGRA~1/R/R-34~1.3/include" -DNDEBUG  -I"C:/Users/jcur002/Documents/R/win-library/3.4/Rcpp/include"        -O2 -Wall  -mtune=generic -c RcppExports.cpp -o RcppExports.o
c:/Rtools/mingw_64/bin/g++  -std=gnu++11 -I"C:/PROGRA~1/R/R-34~1.3/include" -DNDEBUG  -I"C:/Users/jcur002/Documents/R/win-library/3.4/Rcpp/include"        -O2 -Wall  -mtune=generic -c breed.cpp -o breed.o
c:/Rtools/mingw_64/bin/g++  -std=gnu++11 -I"C:/PROGRA~1/R/R-34~1.3/include" -DNDEBUG  -I"C:/Users/jcur002/Documents/R/win-library/3.4/Rcpp/include"        -O2 -Wall  -mtune=generic -c calcFst.cpp -o calcFst.o
c:/Rtools/mingw_64/bin/g++  -std=gnu++11 -I"C:/PROGRA~1/R/R-34~1.3/include" -DNDEBUG  -I"C:/Users/jcur002/Documents/R/win-library/3.4/Rcpp/include"        -O2 -Wall  -mtune=generic -c importance.cpp -o importance.o
c:/Rtools/mingw_64/bin/g++  -std=gnu++11 -I"C:/PROGRA~1/R/R-34~1.3/include" -DNDEBUG  -I"C:/Users/jcur002/Documents/R/win-library/3.4/Rcpp/include"        -O2 -Wall  -mtune=generic -c relSim.cpp -o relSim.o
c:/Rtools/mingw_64/bin/g++ -shared -s -static-libgcc -o relSim.dll tmp.def RcppExports.o breed.o calcFst.o importance.o relSim.o -LC:/PROGRA~1/R/R-34~1.3/bin/x64 -lR
C:\Rtools\mingw_32\bin\nm.exe: C:/Users/jcur002/Dropbox/Code/git/relSim/relSim.Rcheck/00_pkg_src/relSim/src-x64/RcppExports.o: File format not recognized
C:\Rtools\mingw_32\bin\nm.exe: C:/Users/jcur002/Dropbox/Code/git/relSim/relSim.Rcheck/00_pkg_src/relSim/src-x64/breed.o: File format not recognized
C:\Rtools\mingw_32\bin\nm.exe: C:/Users/jcur002/Dropbox/Code/git/relSim/relSim.Rcheck/00_pkg_src/relSim/src-x64/calcFst.o: File format not recognized
C:\Rtools\mingw_32\bin\nm.exe: C:/Users/jcur002/Dropbox/Code/git/relSim/relSim.Rcheck/00_pkg_src/relSim/src-x64/importance.o: File format not recognized
C:\Rtools\mingw_32\bin\nm.exe: C:/Users/jcur002/Dropbox/Code/git/relSim/relSim.Rcheck/00_pkg_src/relSim/src-x64/relSim.o: File format not recognized
Warning messages:
1: running command '"C:\Rtools\mingw_32\bin\nm.exe" -Pg "C:/Users/jcur002/Dropbox/Code/git/relSim/relSim.Rcheck/00_pkg_src/relSim/src-x64/RcppExports.o"' had status 1 
2: running command '"C:\Rtools\mingw_32\bin\nm.exe" -Pg "C:/Users/jcur002/Dropbox/Code/git/relSim/relSim.Rcheck/00_pkg_src/relSim/src-x64/breed.o"' had status 1 
3: running command '"C:\Rtools\mingw_32\bin\nm.exe" -Pg "C:/Users/jcur002/Dropbox/Code/git/relSim/relSim.Rcheck/00_pkg_src/relSim/src-x64/calcFst.o"' had status 1 
4: running command '"C:\Rtools\mingw_32\bin\nm.exe" -Pg "C:/Users/jcur002/Dropbox/Code/git/relSim/relSim.Rcheck/00_pkg_src/relSim/src-x64/importance.o"' had status 1 
5: running command '"C:\Rtools\mingw_32\bin\nm.exe" -Pg "C:/Users/jcur002/Dropbox/Code/git/relSim/relSim.Rcheck/00_pkg_src/relSim/src-x64/relSim.o"' had status 1 
installing to C:/Users/jcur002/Dropbox/Code/git/relSim/relSim.Rcheck/relSim/libs/x64
** R
** data
*** moving datasets to lazyload DB
** preparing package for lazy loading
** help
*** installing help indices
** building package indices
** testing if installed package can be loaded
*** arch - i386
*** arch - x64
* DONE (relSim)
In R CMD INSTALL
